TN:
SF:script/Deploy.s.sol
FN:31,DeployScript.setUp
FNDA:0,DeployScript.setUp
FN:33,DeployScript.run
FNDA:0,DeployScript.run
DA:51,0
DA:52,0
DA:54,0
BRDA:54,0,0,-
BRDA:54,0,1,-
DA:55,0
DA:56,0
DA:57,0
DA:59,0
DA:60,0
DA:61,0
DA:64,0
DA:67,0
DA:68,0
DA:70,0
DA:74,0
DA:80,0
DA:81,0
DA:83,0
DA:89,0
DA:101,0
DA:102,0
DA:108,0
DA:109,0
DA:111,0
DA:112,0
DA:115,0
DA:117,0
DA:121,0
DA:125,0
DA:135,0
DA:136,0
DA:139,0
DA:140,0
DA:141,0
DA:143,0
DA:146,0
DA:147,0
DA:152,0
DA:154,0
DA:155,0
DA:156,0
DA:159,0
DA:161,0
DA:162,0
DA:163,0
DA:164,0
DA:166,0
DA:167,0
DA:168,0
DA:169,0
DA:170,0
DA:171,0
FNF:2
FNH:0
LF:51
LH:0
BRF:2
BRH:0
end_of_record
TN:
SF:test/assets/TestHandshakeNft.t.sol
FN:16,TestNft.checkAuthorised
FNDA:6,TestNft.checkAuthorised
FN:20,TestNft.mint
FNDA:6,TestNft.mint
DA:21,6
FNF:2
FNH:2
LF:1
LH:1
BRF:0
BRH:0
end_of_record
TN:
SF:test/mocks/MockBaseResolver.sol
FN:10,MockBaseResolver.incrementVersionPublicMethod
FNDA:0,MockBaseResolver.incrementVersionPublicMethod
DA:11,0
FN:14,MockBaseResolver.incrementVersionPublicAuthorisedMethod
FNDA:3,MockBaseResolver.incrementVersionPublicAuthorisedMethod
DA:18,3
FNF:2
FNH:1
LF:2
LH:1
BRF:0
BRH:0
end_of_record
TN:
SF:test/mocks/MockClaimManager.sol
FN:7,MockClaimManager.canClaim
FNDA:0,MockClaimManager.canClaim
FN:9,MockClaimManager.claimTld
FNDA:0,MockClaimManager.claimTld
FN:11,MockClaimManager.setHandshakeTldContract
FNDA:0,MockClaimManager.setHandshakeTldContract
FN:13,MockClaimManager.updateAllowedTldManager
FNDA:0,MockClaimManager.updateAllowedTldManager
FN:15,MockClaimManager.allowedTldManager
FNDA:0,MockClaimManager.allowedTldManager
FN:17,MockClaimManager.addTldAndClaimant
FNDA:0,MockClaimManager.addTldAndClaimant
FNF:6
FNH:0
LF:0
LH:0
BRF:0
BRH:0
end_of_record
TN:
SF:test/mocks/MockCommitIntent.sol
FN:17,MockCommitIntent.updateMaxBlockWaitForCommit
FNDA:0,MockCommitIntent.updateMaxBlockWaitForCommit
DA:18,0
FN:21,MockCommitIntent.updateMinBlockWaitForCommit
FNDA:0,MockCommitIntent.updateMinBlockWaitForCommit
DA:22,0
FN:25,MockCommitIntent.commitIntent
FNDA:0,MockCommitIntent.commitIntent
FN:27,MockCommitIntent.multiCommitIntent
FNDA:0,MockCommitIntent.multiCommitIntent
FN:29,MockCommitIntent.allowedCommit
FNDA:800,MockCommitIntent.allowedCommit
DA:34,800
FN:37,MockCommitIntent.maxBlockWaitForCommit
FNDA:0,MockCommitIntent.maxBlockWaitForCommit
DA:38,0
FN:41,MockCommitIntent.minBlockWaitForCommit
FNDA:0,MockCommitIntent.minBlockWaitForCommit
DA:42,0
FNF:7
FNH:1
LF:5
LH:1
BRF:0
BRH:0
end_of_record
TN:
SF:test/mocks/MockGasGriefingRegistrationStrategy.sol
FN:8,MockRevertingRegistrationStrategy.isEnabled
FNDA:0,MockRevertingRegistrationStrategy.isEnabled
FN:10,MockRevertingRegistrationStrategy.getPriceInDollars
FNDA:1,MockRevertingRegistrationStrategy.getPriceInDollars
DA:15,1
FN:18,MockRevertingRegistrationStrategy.supportsInterface
FNDA:0,MockRevertingRegistrationStrategy.supportsInterface
DA:19,0
FN:34,MockGasLimitRegistrationStrategy.isEnabled
FNDA:0,MockGasLimitRegistrationStrategy.isEnabled
FN:36,MockGasLimitRegistrationStrategy.getPriceInDollars
FNDA:1,MockGasLimitRegistrationStrategy.getPriceInDollars
DA:42,1
DA:43,1
DA:45,1
BRDA:45,0,0,1
BRDA:45,0,1,-
DA:46,1
DA:48,0
DA:51,2943
DA:53,0
FN:56,MockGasLimitRegistrationStrategy.supportsInterface
FNDA:0,MockGasLimitRegistrationStrategy.supportsInterface
DA:57,0
FNF:6
FNH:2
LF:10
LH:6
BRF:2
BRH:1
end_of_record
TN:
SF:test/mocks/MockGlobalRegistrationStrategy.sol
FN:15,MockGlobalRegistrationStrategy.canRegister
FNDA:802,MockGlobalRegistrationStrategy.canRegister
DA:22,802
FN:25,MockGlobalRegistrationStrategy.minimumDollarPrice
FNDA:3570,MockGlobalRegistrationStrategy.minimumDollarPrice
DA:26,3570
FN:29,MockGlobalRegistrationStrategy.supportsInterface
FNDA:0,MockGlobalRegistrationStrategy.supportsInterface
DA:30,0
FNF:3
FNH:2
LF:3
LH:2
BRF:0
BRH:0
end_of_record
TN:
SF:test/mocks/MockHandshakeNft.sol
FN:18,MockHandshakeNft.setExpiry
FNDA:1,MockHandshakeNft.setExpiry
DA:19,1
FN:22,MockHandshakeNft.expiry
FNDA:0,MockHandshakeNft.expiry
DA:23,0
FN:26,MockHandshakeNft.setParent
FNDA:1,MockHandshakeNft.setParent
DA:27,1
FN:30,MockHandshakeNft.parent
FNDA:0,MockHandshakeNft.parent
DA:31,0
FN:34,MockHandshakeNft.setName
FNDA:0,MockHandshakeNft.setName
DA:35,0
FN:38,MockHandshakeNft.mint
FNDA:814,MockHandshakeNft.mint
DA:39,814
FN:42,MockHandshakeNft.name
FNDA:3,MockHandshakeNft.name
DA:43,3
FN:46,MockHandshakeNft.setName
FNDA:4,MockHandshakeNft.setName
DA:47,4
FNF:8
FNH:5
LF:8
LH:5
BRF:0
BRH:0
end_of_record
TN:
SF:test/mocks/MockHandshakeSld.sol
FN:17,MockHandshakeSld.isApprovedOrOwnerOfChildOrParent
FNDA:0,MockHandshakeSld.isApprovedOrOwnerOfChildOrParent
DA:18,0
FN:21,MockHandshakeSld.isApprovedOrOwner
FNDA:0,MockHandshakeSld.isApprovedOrOwner
DA:27,0
FN:30,MockHandshakeSld.ownerOf
FNDA:6,MockHandshakeSld.ownerOf
DA:31,6
FN:34,MockHandshakeSld.addMapping
FNDA:0,MockHandshakeSld.addMapping
DA:35,0
FN:38,MockHandshakeSld.namehashToLabelMap
FNDA:1,MockHandshakeSld.namehashToLabelMap
FN:40,MockHandshakeSld.registerSld
FNDA:800,MockHandshakeSld.registerSld
FN:45,MockHandshakeSld.registrationStrategy
FNDA:0,MockHandshakeSld.registrationStrategy
FN:51,MockHandshakeSld.getRegistrationStrategy
FNDA:804,MockHandshakeSld.getRegistrationStrategy
DA:56,804
FN:59,MockHandshakeSld.setMockRegistrationStrategy
FNDA:1063,MockHandshakeSld.setMockRegistrationStrategy
DA:63,1063
FN:66,MockHandshakeSld.setNamehashToParentMap
FNDA:256,MockHandshakeSld.setNamehashToParentMap
DA:67,256
FN:70,MockHandshakeSld.setParent
FNDA:1,MockHandshakeSld.setParent
DA:71,1
FN:74,MockHandshakeSld.parent
FNDA:1,MockHandshakeSld.parent
DA:75,1
FN:78,MockHandshakeSld.setExpiry
FNDA:1,MockHandshakeSld.setExpiry
DA:79,1
FN:82,MockHandshakeSld.expiry
FNDA:1,MockHandshakeSld.expiry
DA:83,1
FN:86,MockHandshakeSld.name
FNDA:1,MockHandshakeSld.name
DA:87,1
FN:90,MockHandshakeSld.setName
FNDA:1,MockHandshakeSld.setName
DA:91,1
FNF:16
FNH:12
LF:13
LH:10
BRF:0
BRH:0
end_of_record
TN:
SF:test/mocks/MockHandshakeTld.sol
FN:24,MockHandshakeTld.addRegistrationStrategy
FNDA:784,MockHandshakeTld.addRegistrationStrategy
DA:27,784
FN:30,MockHandshakeTld.register
FNDA:544,MockHandshakeTld.register
DA:31,544
DA:32,544
DA:33,544
FN:36,MockHandshakeTld.name
FNDA:0,MockHandshakeTld.name
DA:37,1
FN:40,MockHandshakeTld.setLabel
FNDA:3,MockHandshakeTld.setLabel
DA:41,3
FN:44,MockHandshakeTld.register
FNDA:294,MockHandshakeTld.register
DA:45,294
FN:48,MockHandshakeTld.registerWithResolver
FNDA:0,MockHandshakeTld.registerWithResolver
FN:54,MockHandshakeTld.ownerOf
FNDA:817,MockHandshakeTld.ownerOf
DA:60,1390
FN:63,MockHandshakeTld.isApprovedOrOwner
FNDA:573,MockHandshakeTld.isApprovedOrOwner
DA:64,573
DA:65,573
FN:68,MockHandshakeTld.setResolver
FNDA:0,MockHandshakeTld.setResolver
FN:70,MockHandshakeTld.addMapping
FNDA:22,MockHandshakeTld.addMapping
DA:71,22
FN:74,MockHandshakeTld.setTldClaimManager
FNDA:12,MockHandshakeTld.setTldClaimManager
FN:76,MockHandshakeTld.addApprovedAddress
FNDA:0,MockHandshakeTld.addApprovedAddress
DA:77,0
FN:80,MockHandshakeTld.namehashToLabelMap
FNDA:1,MockHandshakeTld.namehashToLabelMap
DA:81,1
FNF:13
FNH:9
LF:13
LH:12
BRF:0
BRH:0
end_of_record
TN:
SF:test/mocks/MockLabelValidator.sol
FN:13,MockLabelValidator.isValidLabel
FNDA:814,MockLabelValidator.isValidLabel
DA:14,814
FNF:1
FNH:1
LF:1
LH:1
BRF:0
BRH:0
end_of_record
TN:
SF:test/mocks/MockMetadataService.sol
FN:13,MockMetadataService.tokenURI
FNDA:1,MockMetadataService.tokenURI
DA:14,1
FN:17,MockMetadataService.supportsInterface
FNDA:3,MockMetadataService.supportsInterface
DA:18,3
FNF:2
FNH:2
LF:2
LH:2
BRF:0
BRH:0
end_of_record
TN:
SF:test/mocks/MockRegistrationStrategy.sol
FN:17,MockRegistrationStrategy.getPriceInDollars
FNDA:9903,MockRegistrationStrategy.getPriceInDollars
DA:24,9903
DA:26,9903
BRDA:26,0,0,-
BRDA:26,0,1,2837
DA:27,2837
DA:29,2837
BRDA:29,1,0,-
BRDA:29,1,1,2837
DA:30,2837
DA:32,7066
DA:35,9903
FN:38,MockRegistrationStrategy.setMultiYearPricing
FNDA:257,MockRegistrationStrategy.setMultiYearPricing
DA:39,257
FN:42,MockRegistrationStrategy.setIsDisabled
FNDA:0,MockRegistrationStrategy.setIsDisabled
DA:43,0
FN:46,MockRegistrationStrategy.isEnabled
FNDA:803,MockRegistrationStrategy.isEnabled
DA:47,803
FN:50,MockRegistrationStrategy.supportsInterface
FNDA:4015,MockRegistrationStrategy.supportsInterface
DA:51,4015
FN:58,MockRegistrationStrategy.addressDiscounts
FNDA:0,MockRegistrationStrategy.addressDiscounts
DA:59,0
FNF:6
FNH:4
LF:12
LH:10
BRF:4
BRH:2
end_of_record
TN:
SF:test/mocks/MockSldRegistrationManager.sol
FN:78,MockEmptySldRegistrationManager.pricesAtRegistration
FNDA:1,MockEmptySldRegistrationManager.pricesAtRegistration
DA:79,1
FN:82,MockEmptySldRegistrationManager.registerSld
FNDA:0,MockEmptySldRegistrationManager.registerSld
FN:90,MockEmptySldRegistrationManager.renewSld
FNDA:0,MockEmptySldRegistrationManager.renewSld
FN:95,MockEmptySldRegistrationManager.getRenewalPricePerDay
FNDA:0,MockEmptySldRegistrationManager.getRenewalPricePerDay
FN:102,MockEmptySldRegistrationManager.sldRegistrationHistory
FNDA:0,MockEmptySldRegistrationManager.sldRegistrationHistory
FN:108,MockEmptySldRegistrationManager.setRenewalPrice
FNDA:1,MockEmptySldRegistrationManager.setRenewalPrice
DA:109,1
FN:112,MockEmptySldRegistrationManager.getRenewalPrice
FNDA:1,MockEmptySldRegistrationManager.getRenewalPrice
DA:117,1
FN:120,MockEmptySldRegistrationManager.tld
FNDA:0,MockEmptySldRegistrationManager.tld
FN:122,MockEmptySldRegistrationManager.globalStrategy
FNDA:0,MockEmptySldRegistrationManager.globalStrategy
FN:22,MockSldRegistrationManager.addSldDetail
FNDA:22,MockSldRegistrationManager.addSldDetail
DA:23,22
FN:26,MockSldRegistrationManager.addSldDetail
FNDA:22,MockSldRegistrationManager.addSldDetail
DA:33,22
DA:38,22
FN:41,MockSldRegistrationManager.registerSld
FNDA:0,MockSldRegistrationManager.registerSld
FN:49,MockSldRegistrationManager.renewSld
FNDA:0,MockSldRegistrationManager.renewSld
FN:54,MockSldRegistrationManager.getRenewalPricePerDay
FNDA:0,MockSldRegistrationManager.getRenewalPricePerDay
DA:60,0
FN:63,MockSldRegistrationManager.getRenewalPrice
FNDA:0,MockSldRegistrationManager.getRenewalPrice
FN:70,MockSldRegistrationManager.pricesAtRegistration
FNDA:0,MockSldRegistrationManager.pricesAtRegistration
DA:71,0
FNF:16
FNH:5
LF:8
LH:6
BRF:0
BRH:0
end_of_record
TN:
SF:test/mocks/MockUsdOracle.sol
FN:14,MockUsdOracle.getPrice
FNDA:805,MockUsdOracle.getPrice
DA:15,812
FN:18,MockUsdOracle.getWeiValueOfDollar
FNDA:7,MockUsdOracle.getWeiValueOfDollar
DA:19,7
DA:20,7
FNF:2
FNH:2
LF:3
LH:3
BRF:0
BRH:0
end_of_record
TN:
SF:test/mocks/TestingRegistrationStrategy.sol
FN:9,TestingRegistrationStrategy.getPriceInDollars
FNDA:0,TestingRegistrationStrategy.getPriceInDollars
DA:16,0
DA:17,0
DA:19,0
DA:21,0
BRDA:21,0,0,-
BRDA:21,0,1,-
DA:22,0
DA:24,0
FN:28,TestingRegistrationStrategy.setLowerLimit
FNDA:0,TestingRegistrationStrategy.setLowerLimit
DA:29,0
FN:32,TestingRegistrationStrategy.isEnabled
FNDA:0,TestingRegistrationStrategy.isEnabled
DA:33,0
FN:36,TestingRegistrationStrategy.supportsInterface
FNDA:0,TestingRegistrationStrategy.supportsInterface
DA:37,0
FN:44,TestingRegistrationStrategy.addressDiscounts
FNDA:0,TestingRegistrationStrategy.addressDiscounts
DA:45,0
FNF:5
FNH:0
LF:10
LH:0
BRF:2
BRH:0
end_of_record
TN:
SF:test/registration/SldRegistrationManager/SldRegistrationManagerBase.t.sol
FN:32,TestSldRegistrationManagerBase.
FNDA:0,TestSldRegistrationManagerBase.
FN:36,TestSldRegistrationManagerBase.setUp
FNDA:0,TestSldRegistrationManagerBase.setUp
DA:37,0
DA:38,0
DA:39,0
DA:40,0
DA:41,0
DA:42,0
DA:43,0
DA:45,0
FN:57,TestSldRegistrationManagerBase.addMockOracle
FNDA:0,TestSldRegistrationManagerBase.addMockOracle
DA:58,0
DA:59,0
FN:62,TestSldRegistrationManagerBase.setUpLabelValidator
FNDA:0,TestSldRegistrationManagerBase.setUpLabelValidator
DA:63,0
DA:64,0
FN:67,TestSldRegistrationManagerBase.setUpGlobalStrategy
FNDA:0,TestSldRegistrationManagerBase.setUpGlobalStrategy
DA:68,0
DA:72,0
FN:75,TestSldRegistrationManagerBase.setUpRegistrationStrategy
FNDA:0,TestSldRegistrationManagerBase.setUpRegistrationStrategy
DA:76,0
FNF:6
FNH:0
LF:15
LH:0
BRF:0
BRH:0
end_of_record
TN:
SF:test/registration/TestPaymentManager.sol
FN:14,PaymentManagerForTesting.payableFunction
FNDA:3,PaymentManagerForTesting.payableFunction
DA:18,3
FNF:1
FNH:1
LF:1
LH:1
BRF:0
BRH:0
end_of_record
